app/build/intermediates/manifest_merge_blame_file/debug/processDebugMainManifest/manifest-merger-blame-debug-report.txt
1<?xml version="1.0" encoding="utf-8"?>
2<manifest xmlns:android="http://schemas.android.com/apk/res/android"
3    package="fudex.raha"
4    android:versionCode="1"
5    android:versionName="1.0" >
6
7    <uses-sdk
8        android:minSdkVersion="24"
9        android:targetSdkVersion="35" />
10
11    <uses-feature
11-->src/main/AndroidManifest.xml:5:5-7:36
12        android:name="android.hardware.camera"
12-->src/main/AndroidManifest.xml:6:9-47
13        android:required="false" />
13-->src/main/AndroidManifest.xml:7:9-33
14
15    <uses-permission android:name="android.permission.ACCESS_COARSE_LOCATION" />
15-->src/main/AndroidManifest.xml:9:5-81
15-->src/main/AndroidManifest.xml:9:22-78
16    <uses-permission android:name="android.permission.ACCESS_FINE_LOCATION" />
16-->src/main/AndroidManifest.xml:10:5-79
16-->src/main/AndroidManifest.xml:10:22-76
17    <uses-permission android:name="android.permission.RECEIVE_BOOT_COMPLETED" />
17-->src/main/AndroidManifest.xml:11:5-81
17-->src/main/AndroidManifest.xml:11:22-78
18    <uses-permission android:name="android.permission.INTERNET" />
18-->src/main/AndroidManifest.xml:12:5-67
18-->src/main/AndroidManifest.xml:12:22-64
19    <uses-permission android:name="android.permission.CAMERA" />
19-->src/main/AndroidManifest.xml:13:5-65
19-->src/main/AndroidManifest.xml:13:22-62
20    <uses-permission android:name="android.permission.READ_MEDIA_IMAGES" />
20-->src/main/AndroidManifest.xml:14:5-76
20-->src/main/AndroidManifest.xml:14:22-73
21    <uses-permission android:name="android.permission.READ_MEDIA_VIDEO" />
21-->src/main/AndroidManifest.xml:15:5-75
21-->src/main/AndroidManifest.xml:15:22-72
22    <uses-permission android:name="android.permission.USE_BIOMETRIC" />
22-->src/main/AndroidManifest.xml:16:5-72
22-->src/main/AndroidManifest.xml:16:22-69
23    <uses-permission android:name="android.permission.USE_FINGERPRINT" />
23-->src/main/AndroidManifest.xml:17:5-74
23-->src/main/AndroidManifest.xml:17:22-71
24    <uses-permission android:name="android.permission.WRITE_EXTERNAL_STORAGE" />
24-->src/main/AndroidManifest.xml:18:5-81
24-->src/main/AndroidManifest.xml:18:22-78
25    <uses-permission android:name="android.permission.READ_EXTERNAL_STORAGE" />
25-->src/main/AndroidManifest.xml:19:5-80
25-->src/main/AndroidManifest.xml:19:22-77
26    <uses-permission android:name="android.permission.ACCESS_WIFI_STATE" />
26-->src/main/AndroidManifest.xml:20:5-76
26-->src/main/AndroidManifest.xml:20:22-73
27    <uses-permission android:name="android.permission.ACCESS_NETWORK_STATE" />
27-->src/main/AndroidManifest.xml:21:5-79
27-->src/main/AndroidManifest.xml:21:22-76
28    <uses-permission android:name="android.permission.POST_NOTIFICATIONS" />
28-->src/main/AndroidManifest.xml:22:5-77
28-->src/main/AndroidManifest.xml:22:22-74
29    <uses-permission android:name="android.permission.MANAGE_EXTERNAL_STORAGE" />
29-->src/main/AndroidManifest.xml:23:5-82
29-->src/main/AndroidManifest.xml:23:22-79
30    <uses-permission android:name="android.permission.ACCESS_MEDIA_LOCATION" /> <!-- <uses-permission -->
30-->src/main/AndroidManifest.xml:24:5-80
30-->src/main/AndroidManifest.xml:24:22-77
31    <uses-permission android:name="android.permission.WRITE_SETTINGS" />
31-->src/main/AndroidManifest.xml:25:5-27:47
31-->src/main/AndroidManifest.xml:26:9-57
32
33    <queries>
33-->[com.vanniktech:android-image-cropper:4.5.0] AndroidManifest.xml:9:5-20:15
34        <intent>
34-->[com.vanniktech:android-image-cropper:4.5.0] AndroidManifest.xml:10:9-16:18
35            <action android:name="android.intent.action.GET_CONTENT" />
35-->[com.vanniktech:android-image-cropper:4.5.0] AndroidManifest.xml:11:13-72
35-->[com.vanniktech:android-image-cropper:4.5.0] AndroidManifest.xml:11:21-69
36
37            <category android:name="android.intent.category.OPENABLE" />
37-->[com.vanniktech:android-image-cropper:4.5.0] AndroidManifest.xml:13:13-73
37-->[com.vanniktech:android-image-cropper:4.5.0] AndroidManifest.xml:13:23-70
38
39            <data android:mimeType="*/*" />
39-->[com.vanniktech:android-image-cropper:4.5.0] AndroidManifest.xml:15:13-44
39-->[com.vanniktech:android-image-cropper:4.5.0] AndroidManifest.xml:15:19-41
40        </intent>
41        <intent>
41-->[com.vanniktech:android-image-cropper:4.5.0] AndroidManifest.xml:17:9-19:18
42            <action android:name="android.media.action.IMAGE_CAPTURE" />
42-->[com.vanniktech:android-image-cropper:4.5.0] AndroidManifest.xml:18:13-73
42-->[com.vanniktech:android-image-cropper:4.5.0] AndroidManifest.xml:18:21-70
43        </intent>
44    </queries>
45
46    <uses-feature
46-->[com.google.android.gms:play-services-maps:17.0.0] AndroidManifest.xml:26:5-28:35
47        android:glEsVersion="0x00020000"
47-->[com.google.android.gms:play-services-maps:17.0.0] AndroidManifest.xml:27:9-41
48        android:required="true" />
48-->[com.google.android.gms:play-services-maps:17.0.0] AndroidManifest.xml:28:9-32
49
50    <uses-permission android:name="android.permission.WAKE_LOCK" /> <!-- Required by older versions of Google Play services to create IID tokens -->
50-->[com.google.firebase:firebase-iid:21.1.0] AndroidManifest.xml:24:5-68
50-->[com.google.firebase:firebase-iid:21.1.0] AndroidManifest.xml:24:22-65
51    <uses-permission android:name="com.google.android.c2dm.permission.RECEIVE" />
51-->[com.google.firebase:firebase-iid:21.1.0] AndroidManifest.xml:26:5-82
51-->[com.google.firebase:firebase-iid:21.1.0] AndroidManifest.xml:26:22-79
52    <uses-permission android:name="com.google.android.finsky.permission.BIND_GET_INSTALL_REFERRER_SERVICE" />
52-->[com.google.android.gms:play-services-measurement:18.0.2] AndroidManifest.xml:26:5-110
52-->[com.google.android.gms:play-services-measurement:18.0.2] AndroidManifest.xml:26:22-107
53    <uses-permission android:name="android.permission.FOREGROUND_SERVICE" />
53-->[androidx.work:work-runtime:2.7.1] AndroidManifest.xml:28:5-77
53-->[androidx.work:work-runtime:2.7.1] AndroidManifest.xml:28:22-74
54
55    <permission
55-->[androidx.core:core:1.15.0] AndroidManifest.xml:22:5-24:47
56        android:name="fudex.raha.DYNAMIC_RECEIVER_NOT_EXPORTED_PERMISSION"
56-->[androidx.core:core:1.15.0] AndroidManifest.xml:23:9-81
57        android:protectionLevel="signature" />
57-->[androidx.core:core:1.15.0] AndroidManifest.xml:24:9-44
58
59    <uses-permission android:name="fudex.raha.DYNAMIC_RECEIVER_NOT_EXPORTED_PERMISSION" />
59-->[androidx.core:core:1.15.0] AndroidManifest.xml:26:5-97
59-->[androidx.core:core:1.15.0] AndroidManifest.xml:26:22-94
60
61    <application
61-->src/main/AndroidManifest.xml:29:5-50:19
62        android:name="fudex.bonyad.Helper.App"
62-->src/main/AndroidManifest.xml:30:9-35
63        android:allowBackup="true"
63-->src/main/AndroidManifest.xml:31:9-35
64        android:appComponentFactory="androidx.core.app.CoreComponentFactory"
64-->[androidx.core:core:1.15.0] AndroidManifest.xml:28:18-86
65        android:dataExtractionRules="@xml/data_extraction_rules"
65-->src/main/AndroidManifest.xml:32:9-65
66        android:debuggable="true"
67        android:extractNativeLibs="false"
68        android:fullBackupContent="@xml/backup_rules"
68-->src/main/AndroidManifest.xml:33:9-54
69        android:icon="@mipmap/ic_launcher"
69-->src/main/AndroidManifest.xml:34:9-43
70        android:label="@string/app_name"
70-->src/main/AndroidManifest.xml:35:9-41
71        android:roundIcon="@mipmap/ic_launcher_round"
71-->src/main/AndroidManifest.xml:36:9-54
72        android:supportsRtl="true"
72-->src/main/AndroidManifest.xml:37:9-35
73        android:theme="@style/Theme.Bonyadandroid" >
73-->src/main/AndroidManifest.xml:38:9-51
74        <activity
74-->src/main/AndroidManifest.xml:40:9-48:20
75            android:name="fudex.bonyad.ui.Activity.SplashActivity"
75-->src/main/AndroidManifest.xml:41:13-55
76            android:exported="true" >
76-->src/main/AndroidManifest.xml:42:13-36
77            <intent-filter>
77-->src/main/AndroidManifest.xml:43:13-47:29
78                <action android:name="android.intent.action.MAIN" />
78-->src/main/AndroidManifest.xml:44:17-69
78-->src/main/AndroidManifest.xml:44:25-66
79
80                <category android:name="android.intent.category.LAUNCHER" />
80-->src/main/AndroidManifest.xml:46:17-77
80-->src/main/AndroidManifest.xml:46:27-74
81            </intent-filter>
82        </activity>
83
84        <provider
84-->[com.vanniktech:android-image-cropper:4.5.0] AndroidManifest.xml:23:9-31:20
85            android:name="com.canhub.cropper.CropFileProvider"
85-->[com.vanniktech:android-image-cropper:4.5.0] AndroidManifest.xml:24:13-63
86            android:authorities="fudex.raha.cropper.fileprovider"
86-->[com.vanniktech:android-image-cropper:4.5.0] AndroidManifest.xml:25:13-72
87            android:exported="false"
87-->[com.vanniktech:android-image-cropper:4.5.0] AndroidManifest.xml:26:13-37
88            android:grantUriPermissions="true" >
88-->[com.vanniktech:android-image-cropper:4.5.0] AndroidManifest.xml:27:13-47
89            <meta-data
89-->[com.vanniktech:android-image-cropper:4.5.0] AndroidManifest.xml:28:13-30:62
90                android:name="android.support.FILE_PROVIDER_PATHS"
90-->[com.vanniktech:android-image-cropper:4.5.0] AndroidManifest.xml:29:17-67
91                android:resource="@xml/library_file_paths" />
91-->[com.vanniktech:android-image-cropper:4.5.0] AndroidManifest.xml:30:17-59
92        </provider>
93
94        <activity
94-->[com.vanniktech:android-image-cropper:4.5.0] AndroidManifest.xml:33:9-35:39
95            android:name="com.canhub.cropper.CropImageActivity"
95-->[com.vanniktech:android-image-cropper:4.5.0] AndroidManifest.xml:34:13-64
96            android:exported="true" />
96-->[com.vanniktech:android-image-cropper:4.5.0] AndroidManifest.xml:35:13-36
97
98        <service
98-->[com.google.firebase:firebase-firestore:24.0.2] AndroidManifest.xml:17:9-23:19
99            android:name="com.google.firebase.components.ComponentDiscoveryService"
99-->[com.google.firebase:firebase-firestore:24.0.2] AndroidManifest.xml:18:13-84
100            android:directBootAware="true"
100-->[com.google.firebase:firebase-common:20.1.0] AndroidManifest.xml:35:13-43
101            android:exported="false" >
101-->[com.google.firebase:firebase-firestore:24.0.2] AndroidManifest.xml:19:13-37
102            <meta-data
102-->[com.google.firebase:firebase-firestore:24.0.2] AndroidManifest.xml:20:13-22:85
103                android:name="com.google.firebase.components:com.google.firebase.firestore.FirestoreRegistrar"
103-->[com.google.firebase:firebase-firestore:24.0.2] AndroidManifest.xml:21:17-111
104                android:value="com.google.firebase.components.ComponentRegistrar" />
104-->[com.google.firebase:firebase-firestore:24.0.2] AndroidManifest.xml:22:17-82
105            <meta-data
105-->[com.google.firebase:firebase-auth-ktx:21.0.1] AndroidManifest.xml:11:13-13:85
106                android:name="com.google.firebase.components:com.google.firebase.auth.ktx.FirebaseAuthKtxRegistrar"
106-->[com.google.firebase:firebase-auth-ktx:21.0.1] AndroidManifest.xml:12:17-116
107                android:value="com.google.firebase.components.ComponentRegistrar" />
107-->[com.google.firebase:firebase-auth-ktx:21.0.1] AndroidManifest.xml:13:17-82
108            <meta-data
108-->[com.google.firebase:firebase-auth:21.0.1] AndroidManifest.xml:77:13-79:85
109                android:name="com.google.firebase.components:com.google.firebase.auth.FirebaseAuthRegistrar"
109-->[com.google.firebase:firebase-auth:21.0.1] AndroidManifest.xml:78:17-109
110                android:value="com.google.firebase.components.ComponentRegistrar" />
110-->[com.google.firebase:firebase-auth:21.0.1] AndroidManifest.xml:79:17-82
111            <meta-data
111-->[com.google.firebase:firebase-iid:21.1.0] AndroidManifest.xml:32:13-34:85
112                android:name="com.google.firebase.components:com.google.firebase.iid.Registrar"
112-->[com.google.firebase:firebase-iid:21.1.0] AndroidManifest.xml:33:17-96
113                android:value="com.google.firebase.components.ComponentRegistrar" />
113-->[com.google.firebase:firebase-iid:21.1.0] AndroidManifest.xml:34:17-82
114            <meta-data
114-->[com.google.firebase:firebase-messaging:22.0.0] AndroidManifest.xml:52:13-54:85
115                android:name="com.google.firebase.components:com.google.firebase.messaging.FirebaseMessagingRegistrar"
115-->[com.google.firebase:firebase-messaging:22.0.0] AndroidManifest.xml:53:17-119
116                android:value="com.google.firebase.components.ComponentRegistrar" />
116-->[com.google.firebase:firebase-messaging:22.0.0] AndroidManifest.xml:54:17-82
117            <meta-data
117-->[com.google.firebase:firebase-crashlytics:17.3.1] AndroidManifest.xml:18:13-20:85
118                android:name="com.google.firebase.components:com.google.firebase.crashlytics.CrashlyticsRegistrar"
118-->[com.google.firebase:firebase-crashlytics:17.3.1] AndroidManifest.xml:19:17-115
119                android:value="com.google.firebase.components.ComponentRegistrar" />
119-->[com.google.firebase:firebase-crashlytics:17.3.1] AndroidManifest.xml:20:17-82
120            <meta-data
120-->[com.google.firebase:firebase-config-ktx:20.0.4] AndroidManifest.xml:15:13-17:85
121                android:name="com.google.firebase.components:com.google.firebase.remoteconfig.ktx.FirebaseRemoteConfigKtxRegistrar"
121-->[com.google.firebase:firebase-config-ktx:20.0.4] AndroidManifest.xml:16:17-132
122                android:value="com.google.firebase.components.ComponentRegistrar" />
122-->[com.google.firebase:firebase-config-ktx:20.0.4] AndroidManifest.xml:17:17-82
123            <meta-data
123-->[com.google.firebase:firebase-analytics-ktx:18.0.2] AndroidManifest.xml:11:13-13:85
124                android:name="com.google.firebase.components:com.google.firebase.analytics.ktx.FirebaseAnalyticsKtxRegistrar"
124-->[com.google.firebase:firebase-analytics-ktx:18.0.2] AndroidManifest.xml:12:17-126
125                android:value="com.google.firebase.components.ComponentRegistrar" />
125-->[com.google.firebase:firebase-analytics-ktx:18.0.2] AndroidManifest.xml:13:17-82
126            <meta-data
126-->[com.google.firebase:firebase-config:20.0.4] AndroidManifest.xml:32:13-34:85
127                android:name="com.google.firebase.components:com.google.firebase.remoteconfig.RemoteConfigRegistrar"
127-->[com.google.firebase:firebase-config:20.0.4] AndroidManifest.xml:33:17-117
128                android:value="com.google.firebase.components.ComponentRegistrar" />
128-->[com.google.firebase:firebase-config:20.0.4] AndroidManifest.xml:34:17-82
129            <meta-data
129-->[com.google.android.gms:play-services-measurement-api:18.0.2] AndroidManifest.xml:30:13-32:85
130                android:name="com.google.firebase.components:com.google.firebase.analytics.connector.internal.AnalyticsConnectorRegistrar"
130-->[com.google.android.gms:play-services-measurement-api:18.0.2] AndroidManifest.xml:31:17-139
131                android:value="com.google.firebase.components.ComponentRegistrar" />
131-->[com.google.android.gms:play-services-measurement-api:18.0.2] AndroidManifest.xml:32:17-82
132            <meta-data
132-->[com.google.firebase:firebase-installations:17.0.0] AndroidManifest.xml:18:13-20:85
133                android:name="com.google.firebase.components:com.google.firebase.installations.FirebaseInstallationsRegistrar"
133-->[com.google.firebase:firebase-installations:17.0.0] AndroidManifest.xml:19:17-127
134                android:value="com.google.firebase.components.ComponentRegistrar" />
134-->[com.google.firebase:firebase-installations:17.0.0] AndroidManifest.xml:20:17-82
135            <meta-data
135-->[com.google.firebase:firebase-datatransport:18.0.0] AndroidManifest.xml:28:13-30:85
136                android:name="com.google.firebase.components:com.google.firebase.datatransport.TransportRegistrar"
136-->[com.google.firebase:firebase-datatransport:18.0.0] AndroidManifest.xml:29:17-115
137                android:value="com.google.firebase.components.ComponentRegistrar" />
137-->[com.google.firebase:firebase-datatransport:18.0.0] AndroidManifest.xml:30:17-82
138            <meta-data
138-->[com.google.firebase:firebase-common-ktx:20.0.0] AndroidManifest.xml:15:13-17:85
139                android:name="com.google.firebase.components:com.google.firebase.ktx.FirebaseCommonKtxRegistrar"
139-->[com.google.firebase:firebase-common-ktx:20.0.0] AndroidManifest.xml:16:17-113
140                android:value="com.google.firebase.components.ComponentRegistrar" />
140-->[com.google.firebase:firebase-common-ktx:20.0.0] AndroidManifest.xml:17:17-82
141            <meta-data
141-->[com.google.firebase:firebase-abt:20.0.0] AndroidManifest.xml:13:13-15:85
142                android:name="com.google.firebase.components:com.google.firebase.abt.component.AbtRegistrar"
142-->[com.google.firebase:firebase-abt:20.0.0] AndroidManifest.xml:14:17-109
143                android:value="com.google.firebase.components.ComponentRegistrar" />
143-->[com.google.firebase:firebase-abt:20.0.0] AndroidManifest.xml:15:17-82
144        </service> <!-- Needs to be explicitly declared on P+ -->
145        <uses-library
145-->[com.google.android.gms:play-services-maps:17.0.0] AndroidManifest.xml:33:9-35:40
146            android:name="org.apache.http.legacy"
146-->[com.google.android.gms:play-services-maps:17.0.0] AndroidManifest.xml:34:13-50
147            android:required="false" />
147-->[com.google.android.gms:play-services-maps:17.0.0] AndroidManifest.xml:35:13-37
148
149        <activity
149-->[com.google.android.gms:play-services-auth:17.0.0] AndroidManifest.xml:23:9-27:75
150            android:name="com.google.android.gms.auth.api.signin.internal.SignInHubActivity"
150-->[com.google.android.gms:play-services-auth:17.0.0] AndroidManifest.xml:24:13-93
151            android:excludeFromRecents="true"
151-->[com.google.android.gms:play-services-auth:17.0.0] AndroidManifest.xml:25:13-46
152            android:exported="false"
152-->[com.google.android.gms:play-services-auth:17.0.0] AndroidManifest.xml:26:13-37
153            android:theme="@android:style/Theme.Translucent.NoTitleBar" />
153-->[com.google.android.gms:play-services-auth:17.0.0] AndroidManifest.xml:27:13-72
154        <!--
155            Service handling Google Sign-In user revocation. For apps that do not integrate with
156            Google Sign-In, this service will never be started.
157        -->
158        <service
158-->[com.google.android.gms:play-services-auth:17.0.0] AndroidManifest.xml:33:9-36:110
159            android:name="com.google.android.gms.auth.api.signin.RevocationBoundService"
159-->[com.google.android.gms:play-services-auth:17.0.0] AndroidManifest.xml:34:13-89
160            android:exported="true"
160-->[com.google.android.gms:play-services-auth:17.0.0] AndroidManifest.xml:35:13-36
161            android:permission="com.google.android.gms.auth.api.signin.permission.REVOCATION_NOTIFICATION" />
161-->[com.google.android.gms:play-services-auth:17.0.0] AndroidManifest.xml:36:13-107
162
163        <activity
163-->[com.google.firebase:firebase-auth:21.0.1] AndroidManifest.xml:27:9-44:20
164            android:name="com.google.firebase.auth.internal.GenericIdpActivity"
164-->[com.google.firebase:firebase-auth:21.0.1] AndroidManifest.xml:28:13-80
165            android:excludeFromRecents="true"
165-->[com.google.firebase:firebase-auth:21.0.1] AndroidManifest.xml:29:13-46
166            android:exported="true"
166-->[com.google.firebase:firebase-auth:21.0.1] AndroidManifest.xml:30:13-36
167            android:launchMode="singleTask"
167-->[com.google.firebase:firebase-auth:21.0.1] AndroidManifest.xml:31:13-44
168            android:theme="@android:style/Theme.Translucent.NoTitleBar" >
168-->[com.google.firebase:firebase-auth:21.0.1] AndroidManifest.xml:32:13-72
169            <intent-filter>
169-->[com.google.firebase:firebase-auth:21.0.1] AndroidManifest.xml:33:13-43:29
170                <action android:name="android.intent.action.VIEW" />
170-->[com.google.firebase:firebase-auth:21.0.1] AndroidManifest.xml:34:17-69
170-->[com.google.firebase:firebase-auth:21.0.1] AndroidManifest.xml:34:25-66
171
172                <category android:name="android.intent.category.DEFAULT" />
172-->[com.google.firebase:firebase-auth:21.0.1] AndroidManifest.xml:36:17-76
172-->[com.google.firebase:firebase-auth:21.0.1] AndroidManifest.xml:36:27-73
173                <category android:name="android.intent.category.BROWSABLE" />
173-->[com.google.firebase:firebase-auth:21.0.1] AndroidManifest.xml:37:17-78
173-->[com.google.firebase:firebase-auth:21.0.1] AndroidManifest.xml:37:27-75
174
175                <data
175-->[com.vanniktech:android-image-cropper:4.5.0] AndroidManifest.xml:15:13-44
176                    android:host="firebase.auth"
177                    android:path="/"
178                    android:scheme="genericidp" />
179            </intent-filter>
180        </activity>
181        <activity
181-->[com.google.firebase:firebase-auth:21.0.1] AndroidManifest.xml:45:9-62:20
182            android:name="com.google.firebase.auth.internal.RecaptchaActivity"
182-->[com.google.firebase:firebase-auth:21.0.1] AndroidManifest.xml:46:13-79
183            android:excludeFromRecents="true"
183-->[com.google.firebase:firebase-auth:21.0.1] AndroidManifest.xml:47:13-46
184            android:exported="true"
184-->[com.google.firebase:firebase-auth:21.0.1] AndroidManifest.xml:48:13-36
185            android:launchMode="singleTask"
185-->[com.google.firebase:firebase-auth:21.0.1] AndroidManifest.xml:49:13-44
186            android:theme="@android:style/Theme.Translucent.NoTitleBar" >
186-->[com.google.firebase:firebase-auth:21.0.1] AndroidManifest.xml:50:13-72
187            <intent-filter>
187-->[com.google.firebase:firebase-auth:21.0.1] AndroidManifest.xml:51:13-61:29
188                <action android:name="android.intent.action.VIEW" />
188-->[com.google.firebase:firebase-auth:21.0.1] AndroidManifest.xml:34:17-69
188-->[com.google.firebase:firebase-auth:21.0.1] AndroidManifest.xml:34:25-66
189
190                <category android:name="android.intent.category.DEFAULT" />
190-->[com.google.firebase:firebase-auth:21.0.1] AndroidManifest.xml:36:17-76
190-->[com.google.firebase:firebase-auth:21.0.1] AndroidManifest.xml:36:27-73
191                <category android:name="android.intent.category.BROWSABLE" />
191-->[com.google.firebase:firebase-auth:21.0.1] AndroidManifest.xml:37:17-78
191-->[com.google.firebase:firebase-auth:21.0.1] AndroidManifest.xml:37:27-75
192
193                <data
193-->[com.vanniktech:android-image-cropper:4.5.0] AndroidManifest.xml:15:13-44
194                    android:host="firebase.auth"
195                    android:path="/"
196                    android:scheme="recaptcha" />
197            </intent-filter>
198        </activity>
199
200        <service
200-->[com.google.firebase:firebase-auth:21.0.1] AndroidManifest.xml:64:9-73:19
201            android:name="com.google.firebase.auth.api.fallback.service.FirebaseAuthFallbackService"
201-->[com.google.firebase:firebase-auth:21.0.1] AndroidManifest.xml:65:13-101
202            android:enabled="true"
202-->[com.google.firebase:firebase-auth:21.0.1] AndroidManifest.xml:66:13-35
203            android:exported="false" >
203-->[com.google.firebase:firebase-auth:21.0.1] AndroidManifest.xml:67:13-37
204            <intent-filter>
204-->[com.google.firebase:firebase-auth:21.0.1] AndroidManifest.xml:68:13-72:29
205                <action android:name="com.google.firebase.auth.api.gms.service.START" />
205-->[com.google.firebase:firebase-auth:21.0.1] AndroidManifest.xml:69:17-89
205-->[com.google.firebase:firebase-auth:21.0.1] AndroidManifest.xml:69:25-86
206
207                <category android:name="android.intent.category.DEFAULT" />
207-->[com.google.firebase:firebase-auth:21.0.1] AndroidManifest.xml:36:17-76
207-->[com.google.firebase:firebase-auth:21.0.1] AndroidManifest.xml:36:27-73
208            </intent-filter>
209        </service>
210
211        <activity
211-->[com.google.android.gms:play-services-base:18.0.1] AndroidManifest.xml:20:9-22:45
212            android:name="com.google.android.gms.common.api.GoogleApiActivity"
212-->[com.google.android.gms:play-services-base:18.0.1] AndroidManifest.xml:20:19-85
213            android:exported="false"
213-->[com.google.android.gms:play-services-base:18.0.1] AndroidManifest.xml:22:19-43
214            android:theme="@android:style/Theme.Translucent.NoTitleBar" />
214-->[com.google.android.gms:play-services-base:18.0.1] AndroidManifest.xml:21:19-78
215
216        <receiver
216-->[com.google.firebase:firebase-messaging:22.0.0] AndroidManifest.xml:28:9-35:20
217            android:name="com.google.firebase.iid.FirebaseInstanceIdReceiver"
217-->[com.google.firebase:firebase-messaging:22.0.0] AndroidManifest.xml:29:13-78
218            android:exported="true"
218-->[com.google.firebase:firebase-messaging:22.0.0] AndroidManifest.xml:30:13-36
219            android:permission="com.google.android.c2dm.permission.SEND" >
219-->[com.google.firebase:firebase-messaging:22.0.0] AndroidManifest.xml:31:13-73
220            <intent-filter>
220-->[com.google.firebase:firebase-messaging:22.0.0] AndroidManifest.xml:32:13-34:29
221                <action android:name="com.google.android.c2dm.intent.RECEIVE" />
221-->[com.google.firebase:firebase-messaging:22.0.0] AndroidManifest.xml:33:17-81
221-->[com.google.firebase:firebase-messaging:22.0.0] AndroidManifest.xml:33:25-78
222            </intent-filter>
223        </receiver>
224        <!--
225             FirebaseMessagingService performs security checks at runtime,
226             but set to not exported to explicitly avoid allowing another app to call it.
227        -->
228        <service
228-->[com.google.firebase:firebase-messaging:22.0.0] AndroidManifest.xml:41:9-48:19
229            android:name="com.google.firebase.messaging.FirebaseMessagingService"
229-->[com.google.firebase:firebase-messaging:22.0.0] AndroidManifest.xml:42:13-82
230            android:directBootAware="true"
230-->[com.google.firebase:firebase-messaging:22.0.0] AndroidManifest.xml:43:13-43
231            android:exported="false" >
231-->[com.google.firebase:firebase-messaging:22.0.0] AndroidManifest.xml:44:13-37
232            <intent-filter android:priority="-500" >
232-->[com.google.firebase:firebase-messaging:22.0.0] AndroidManifest.xml:45:13-47:29
232-->[com.google.firebase:firebase-messaging:22.0.0] AndroidManifest.xml:45:28-51
233                <action android:name="com.google.firebase.MESSAGING_EVENT" />
233-->[com.google.firebase:firebase-messaging:22.0.0] AndroidManifest.xml:46:17-78
233-->[com.google.firebase:firebase-messaging:22.0.0] AndroidManifest.xml:46:25-75
234            </intent-filter>
235        </service>
236
237        <provider
237-->[com.google.firebase:firebase-common:20.1.0] AndroidManifest.xml:26:9-31:39
238            android:name="com.google.firebase.provider.FirebaseInitProvider"
238-->[com.google.firebase:firebase-common:20.1.0] AndroidManifest.xml:27:13-77
239            android:authorities="fudex.raha.firebaseinitprovider"
239-->[com.google.firebase:firebase-common:20.1.0] AndroidManifest.xml:28:13-72
240            android:directBootAware="true"
240-->[com.google.firebase:firebase-common:20.1.0] AndroidManifest.xml:29:13-43
241            android:exported="false"
241-->[com.google.firebase:firebase-common:20.1.0] AndroidManifest.xml:30:13-37
242            android:initOrder="100" />
242-->[com.google.firebase:firebase-common:20.1.0] AndroidManifest.xml:31:13-36
243
244        <receiver
244-->[com.google.android.gms:play-services-measurement:18.0.2] AndroidManifest.xml:29:9-33:20
245            android:name="com.google.android.gms.measurement.AppMeasurementReceiver"
245-->[com.google.android.gms:play-services-measurement:18.0.2] AndroidManifest.xml:30:13-85
246            android:enabled="true"
246-->[com.google.android.gms:play-services-measurement:18.0.2] AndroidManifest.xml:31:13-35
247            android:exported="false" >
247-->[com.google.android.gms:play-services-measurement:18.0.2] AndroidManifest.xml:32:13-37
248        </receiver>
249
250        <service
250-->[com.google.android.gms:play-services-measurement:18.0.2] AndroidManifest.xml:35:9-38:40
251            android:name="com.google.android.gms.measurement.AppMeasurementService"
251-->[com.google.android.gms:play-services-measurement:18.0.2] AndroidManifest.xml:36:13-84
252            android:enabled="true"
252-->[com.google.android.gms:play-services-measurement:18.0.2] AndroidManifest.xml:37:13-35
253            android:exported="false" />
253-->[com.google.android.gms:play-services-measurement:18.0.2] AndroidManifest.xml:38:13-37
254        <service
254-->[com.google.android.gms:play-services-measurement:18.0.2] AndroidManifest.xml:39:9-43:72
255            android:name="com.google.android.gms.measurement.AppMeasurementJobService"
255-->[com.google.android.gms:play-services-measurement:18.0.2] AndroidManifest.xml:40:13-87
256            android:enabled="true"
256-->[com.google.android.gms:play-services-measurement:18.0.2] AndroidManifest.xml:41:13-35
257            android:exported="false"
257-->[com.google.android.gms:play-services-measurement:18.0.2] AndroidManifest.xml:42:13-37
258            android:permission="android.permission.BIND_JOB_SERVICE" />
258-->[com.google.android.gms:play-services-measurement:18.0.2] AndroidManifest.xml:43:13-69
259
260        <meta-data
260-->[com.google.android.gms:play-services-basement:18.0.0] AndroidManifest.xml:21:9-23:69
261            android:name="com.google.android.gms.version"
261-->[com.google.android.gms:play-services-basement:18.0.0] AndroidManifest.xml:22:13-58
262            android:value="@integer/google_play_services_version" />